Analysis & Synthesis report for mips
Sat Feb 07 18:15:07 2026
Quartus II 64-Bit Version 13.0.1 Build 232 06/12/2013 Service Pack 1 SJ Web Edition


---------------------
; Table of Contents ;
---------------------
  1. Legal Notice
  2. Analysis & Synthesis Summary
  3. Analysis & Synthesis Settings
  4. Parallel Compilation
  5. Analysis & Synthesis Source Files Read
  6. Analysis & Synthesis Resource Usage Summary
  7. Analysis & Synthesis Resource Utilization by Entity
  8. Registers Removed During Synthesis
  9. General Register Statistics
 10. Inverted Register Statistics
 11. Multiplexer Restructuring Statistics (Restructuring Performed)
 12. Parameter Settings for User Entity Instance: datapath:PO|mux2_1:mux_rd
 13. Parameter Settings for User Entity Instance: datapath:PO|mux2_1:mux_alu
 14. Parameter Settings for User Entity Instance: datapath:PO|mux2_1:mux_wb
 15. Port Connectivity Checks: "datapath:PO|instructions_memory:imem"
 16. Elapsed Time Per Partition
 17. Analysis & Synthesis Messages



----------------
; Legal Notice ;
----------------
Copyright (C) 1991-2013 Altera Corporation
Your use of Altera Corporation's design tools, logic functions 
and other software and tools, and its AMPP partner logic 
functions, and any output files from any of the foregoing 
(including device programming or simulation files), and any 
associated documentation or information are expressly subject 
to the terms and conditions of the Altera Program License 
Subscription Agreement, Altera MegaCore Function License 
Agreement, or other applicable license agreement, including, 
without limitation, that your use is for the sole purpose of 
programming logic devices manufactured by Altera and sold by 
Altera or its authorized distributors.  Please refer to the 
applicable agreement for further details.



+--------------------------------------------------------------------------------------+
; Analysis & Synthesis Summary                                                         ;
+------------------------------------+-------------------------------------------------+
; Analysis & Synthesis Status        ; Successful - Sat Feb 07 18:15:07 2026           ;
; Quartus II 64-Bit Version          ; 13.0.1 Build 232 06/12/2013 SP 1 SJ Web Edition ;
; Revision Name                      ; mips                                            ;
; Top-level Entity Name              ; mips                                            ;
; Family                             ; Cyclone II                                      ;
; Total logic elements               ; 56,989                                          ;
;     Total combinational functions  ; 23,809                                          ;
;     Dedicated logic registers      ; 33,258                                          ;
; Total registers                    ; 33258                                           ;
; Total pins                         ; 418                                             ;
; Total virtual pins                 ; 0                                               ;
; Total memory bits                  ; 0                                               ;
; Embedded Multiplier 9-bit elements ; 0                                               ;
; Total PLLs                         ; 0                                               ;
+------------------------------------+-------------------------------------------------+


+----------------------------------------------------------------------------------------------------------------------+
; Analysis & Synthesis Settings                                                                                        ;
+----------------------------------------------------------------------------+--------------------+--------------------+
; Option                                                                     ; Setting            ; Default Value      ;
+----------------------------------------------------------------------------+--------------------+--------------------+
; Top-level entity name                                                      ; mips               ; mips               ;
; Family name                                                                ; Cyclone II         ; Cyclone IV GX      ;
; Use smart compilation                                                      ; Off                ; Off                ;
; Enable parallel Assembler and TimeQuest Timing Analyzer during compilation ; On                 ; On                 ;
; Enable compact report table                                                ; Off                ; Off                ;
; Restructure Multiplexers                                                   ; Auto               ; Auto               ;
; Create Debugging Nodes for IP Cores                                        ; Off                ; Off                ;
; Preserve fewer node names                                                  ; On                 ; On                 ;
; Disable OpenCore Plus hardware evaluation                                  ; Off                ; Off                ;
; Verilog Version                                                            ; Verilog_2001       ; Verilog_2001       ;
; VHDL Version                                                               ; VHDL_1993          ; VHDL_1993          ;
; State Machine Processing                                                   ; Auto               ; Auto               ;
; Safe State Machine                                                         ; Off                ; Off                ;
; Extract Verilog State Machines                                             ; On                 ; On                 ;
; Extract VHDL State Machines                                                ; On                 ; On                 ;
; Ignore Verilog initial constructs                                          ; Off                ; Off                ;
; Iteration limit for constant Verilog loops                                 ; 5000               ; 5000               ;
; Iteration limit for non-constant Verilog loops                             ; 250                ; 250                ;
; Add Pass-Through Logic to Inferred RAMs                                    ; On                 ; On                 ;
; Infer RAMs from Raw Logic                                                  ; On                 ; On                 ;
; Parallel Synthesis                                                         ; On                 ; On                 ;
; DSP Block Balancing                                                        ; Auto               ; Auto               ;
; NOT Gate Push-Back                                                         ; On                 ; On                 ;
; Power-Up Don't Care                                                        ; On                 ; On                 ;
; Remove Redundant Logic Cells                                               ; Off                ; Off                ;
; Remove Duplicate Registers                                                 ; On                 ; On                 ;
; Ignore CARRY Buffers                                                       ; Off                ; Off                ;
; Ignore CASCADE Buffers                                                     ; Off                ; Off                ;
; Ignore GLOBAL Buffers                                                      ; Off                ; Off                ;
; Ignore ROW GLOBAL Buffers                                                  ; Off                ; Off                ;
; Ignore LCELL Buffers                                                       ; Off                ; Off                ;
; Ignore SOFT Buffers                                                        ; On                 ; On                 ;
; Limit AHDL Integers to 32 Bits                                             ; Off                ; Off                ;
; Optimization Technique                                                     ; Balanced           ; Balanced           ;
; Carry Chain Length                                                         ; 70                 ; 70                 ;
; Auto Carry Chains                                                          ; On                 ; On                 ;
; Auto Open-Drain Pins                                                       ; On                 ; On                 ;
; Perform WYSIWYG Primitive Resynthesis                                      ; Off                ; Off                ;
; Auto ROM Replacement                                                       ; On                 ; On                 ;
; Auto RAM Replacement                                                       ; On                 ; On                 ;
; Auto Shift Register Replacement                                            ; Auto               ; Auto               ;
; Allow Shift Register Merging across Hierarchies                            ; Auto               ; Auto               ;
; Auto Clock Enable Replacement                                              ; On                 ; On                 ;
; Strict RAM Replacement                                                     ; Off                ; Off                ;
; Allow Synchronous Control Signals                                          ; On                 ; On                 ;
; Force Use of Synchronous Clear Signals                                     ; Off                ; Off                ;
; Auto RAM to Logic Cell Conversion                                          ; Off                ; Off                ;
; Auto Resource Sharing                                                      ; Off                ; Off                ;
; Allow Any RAM Size For Recognition                                         ; Off                ; Off                ;
; Allow Any ROM Size For Recognition                                         ; Off                ; Off                ;
; Allow Any Shift Register Size For Recognition                              ; Off                ; Off                ;
; Use LogicLock Constraints during Resource Balancing                        ; On                 ; On                 ;
; Ignore translate_off and synthesis_off directives                          ; Off                ; Off                ;
; Timing-Driven Synthesis                                                    ; Off                ; Off                ;
; Report Parameter Settings                                                  ; On                 ; On                 ;
; Report Source Assignments                                                  ; On                 ; On                 ;
; Report Connectivity Checks                                                 ; On                 ; On                 ;
; Ignore Maximum Fan-Out Assignments                                         ; Off                ; Off                ;
; Synchronization Register Chain Length                                      ; 2                  ; 2                  ;
; PowerPlay Power Optimization                                               ; Normal compilation ; Normal compilation ;
; HDL message level                                                          ; Level2             ; Level2             ;
; Suppress Register Optimization Related Messages                            ; Off                ; Off                ;
; Number of Removed Registers Reported in Synthesis Report                   ; 5000               ; 5000               ;
; Number of Swept Nodes Reported in Synthesis Report                         ; 5000               ; 5000               ;
; Number of Inverted Registers Reported in Synthesis Report                  ; 100                ; 100                ;
; Clock MUX Protection                                                       ; On                 ; On                 ;
; Auto Gated Clock Conversion                                                ; Off                ; Off                ;
; Block Design Naming                                                        ; Auto               ; Auto               ;
; SDC constraint protection                                                  ; Off                ; Off                ;
; Synthesis Effort                                                           ; Auto               ; Auto               ;
; Shift Register Replacement - Allow Asynchronous Clear Signal               ; On                 ; On                 ;
; Pre-Mapping Resynthesis Optimization                                       ; Off                ; Off                ;
; Analysis & Synthesis Message Level                                         ; Medium             ; Medium             ;
; Disable Register Merging Across Hierarchies                                ; Auto               ; Auto               ;
; Resource Aware Inference For Block RAM                                     ; On                 ; On                 ;
; Synthesis Seed                                                             ; 1                  ; 1                  ;
+----------------------------------------------------------------------------+--------------------+--------------------+


Parallel compilation was disabled, but you have multiple processors available. Enable parallel compilation to reduce compilation time.
+-------------------------------------+
; Parallel Compilation                ;
+----------------------------+--------+
; Processors                 ; Number ;
+----------------------------+--------+
; Number detected on machine ; 12     ;
; Maximum allowed            ; 1      ;
+----------------------------+--------+


+--------------------------------------------------------------------------------------------------------------------------------------------------------+
; Analysis & Synthesis Source Files Read                                                                                                                 ;
+----------------------------------+-----------------+-----------------+-----------------------------------------------------------------------+---------+
; File Name with User-Entered Path ; Used in Netlist ; File Type       ; File Name with Absolute Path                                          ; Library ;
+----------------------------------+-----------------+-----------------+-----------------------------------------------------------------------+---------+
; mux2_1.vhd                       ; yes             ; User VHDL File  ; C:/Users/Gabriel/Desktop/Trabalho-/mips-sda/mux2_1.vhd                ;         ;
; arithmetic_logic_unit.vhd        ; yes             ; User VHDL File  ; C:/Users/Gabriel/Desktop/Trabalho-/mips-sda/arithmetic_logic_unit.vhd ;         ;
; register_file.vhd                ; yes             ; User VHDL File  ; C:/Users/Gabriel/Desktop/Trabalho-/mips-sda/register_file.vhd         ;         ;
; instructions_memory.vhd          ; yes             ; User VHDL File  ; C:/Users/Gabriel/Desktop/Trabalho-/mips-sda/instructions_memory.vhd   ;         ;
; data_memory.vhd                  ; yes             ; User VHDL File  ; C:/Users/Gabriel/Desktop/Trabalho-/mips-sda/data_memory.vhd           ;         ;
; mips.vhd                         ; yes             ; User VHDL File  ; C:/Users/Gabriel/Desktop/Trabalho-/mips-sda/mips.vhd                  ;         ;
; datapath.vhd                     ; yes             ; User VHDL File  ; C:/Users/Gabriel/Desktop/Trabalho-/mips-sda/datapath.vhd              ;         ;
; control_unit.vhd                 ; yes             ; User VHDL File  ; C:/Users/Gabriel/Desktop/Trabalho-/mips-sda/control_unit.vhd          ;         ;
+----------------------------------+-----------------+-----------------+-----------------------------------------------------------------------+---------+


+------------------------------------------------------+
; Analysis & Synthesis Resource Usage Summary          ;
+---------------------------------------------+--------+
; Resource                                    ; Usage  ;
+---------------------------------------------+--------+
; Estimated Total logic elements              ; 56,989 ;
;                                             ;        ;
; Total combinational functions               ; 23809  ;
; Logic element usage by number of LUT inputs ;        ;
;     -- 4 input functions                    ; 23309  ;
;     -- 3 input functions                    ; 441    ;
;     -- <=2 input functions                  ; 59     ;
;                                             ;        ;
; Logic elements by mode                      ;        ;
;     -- normal mode                          ; 23698  ;
;     -- arithmetic mode                      ; 111    ;
;                                             ;        ;
; Total registers                             ; 33258  ;
;     -- Dedicated logic registers            ; 33258  ;
;     -- I/O registers                        ; 0      ;
;                                             ;        ;
; I/O pins                                    ; 418    ;
; Embedded Multiplier 9-bit elements          ; 0      ;
; Maximum fan-out node                        ; clock  ;
; Maximum fan-out                             ; 33258  ;
; Total fan-out                               ; 195340 ;
; Average fan-out                             ; 3.40   ;
+---------------------------------------------+--------+


+-------------------------------------------------------------------------------------------------------------------------------------------------------------------------------------------------------------+
; Analysis & Synthesis Resource Utilization by Entity                                                                                                                                                         ;
+-----------------------------------+-------------------+---------------+-------------+--------------+---------+-----------+------+--------------+---------------------------------------------+--------------+
; Compilation Hierarchy Node        ; LC Combinationals ; LC Registers  ; Memory Bits ; DSP Elements ; DSP 9x9 ; DSP 18x18 ; Pins ; Virtual Pins ; Full Hierarchy Name                         ; Library Name ;
+-----------------------------------+-------------------+---------------+-------------+--------------+---------+-----------+------+--------------+---------------------------------------------+--------------+
; |mips                             ; 23809 (0)         ; 33258 (0)     ; 0           ; 0            ; 0       ; 0         ; 418  ; 0            ; |mips                                       ; work         ;
;    |control_unit:PCU|             ; 15 (15)           ; 0 (0)         ; 0           ; 0            ; 0       ; 0         ; 0    ; 0            ; |mips|control_unit:PCU                      ; work         ;
;    |datapath:PO|                  ; 23794 (31)        ; 33258 (10)    ; 0           ; 0            ; 0       ; 0         ; 0    ; 0            ; |mips|datapath:PO                           ; work         ;
;       |arithmetic_logic_unit:alu| ; 240 (240)         ; 0 (0)         ; 0           ; 0            ; 0       ; 0         ; 0    ; 0            ; |mips|datapath:PO|arithmetic_logic_unit:alu ; work         ;
;       |data_memory:dmem|          ; 1056 (1056)       ; 32768 (32768) ; 0           ; 0            ; 0       ; 0         ; 0    ; 0            ; |mips|datapath:PO|data_memory:dmem          ; work         ;
;       |instructions_memory:imem|  ; 41 (41)           ; 0 (0)         ; 0           ; 0            ; 0       ; 0         ; 0    ; 0            ; |mips|datapath:PO|instructions_memory:imem  ; work         ;
;       |mux2_1:mux_alu|            ; 32 (32)           ; 0 (0)         ; 0           ; 0            ; 0       ; 0         ; 0    ; 0            ; |mips|datapath:PO|mux2_1:mux_alu            ; work         ;
;       |mux2_1:mux_rd|             ; 5 (5)             ; 0 (0)         ; 0           ; 0            ; 0       ; 0         ; 0    ; 0            ; |mips|datapath:PO|mux2_1:mux_rd             ; work         ;
;       |mux2_1:mux_wb|             ; 21856 (21856)     ; 0 (0)         ; 0           ; 0            ; 0       ; 0         ; 0    ; 0            ; |mips|datapath:PO|mux2_1:mux_wb             ; work         ;
;       |register_file:regs|        ; 533 (533)         ; 480 (480)     ; 0           ; 0            ; 0       ; 0         ; 0    ; 0            ; |mips|datapath:PO|register_file:regs        ; work         ;
+-----------------------------------+-------------------+---------------+-------------+--------------+---------+-----------+------+--------------+---------------------------------------------+--------------+
Note: For table entries with two numbers listed, the numbers in parentheses indicate the number of resources of the given type used by the specific entity alone. The numbers listed outside of parentheses indicate the total resources of the given type used by the specific entity and all of its sub-entities in the hierarchy.


+-------------------------------------------------------------------------------------------+
; Registers Removed During Synthesis                                                        ;
+---------------------------------------------+---------------------------------------------+
; Register name                               ; Reason for Removal                          ;
+---------------------------------------------+---------------------------------------------+
; datapath:PO|register_file:regs|regs[16][31] ; Lost fanout                                 ;
; datapath:PO|register_file:regs|regs[16][30] ; Lost fanout                                 ;
; datapath:PO|register_file:regs|regs[16][29] ; Lost fanout                                 ;
; datapath:PO|register_file:regs|regs[16][28] ; Lost fanout                                 ;
; datapath:PO|register_file:regs|regs[16][27] ; Lost fanout                                 ;
; datapath:PO|register_file:regs|regs[16][26] ; Lost fanout                                 ;
; datapath:PO|register_file:regs|regs[16][25] ; Lost fanout                                 ;
; datapath:PO|register_file:regs|regs[16][24] ; Lost fanout                                 ;
; datapath:PO|register_file:regs|regs[16][23] ; Lost fanout                                 ;
; datapath:PO|register_file:regs|regs[16][22] ; Lost fanout                                 ;
; datapath:PO|register_file:regs|regs[16][21] ; Lost fanout                                 ;
; datapath:PO|register_file:regs|regs[16][20] ; Lost fanout                                 ;
; datapath:PO|register_file:regs|regs[16][19] ; Lost fanout                                 ;
; datapath:PO|register_file:regs|regs[16][18] ; Lost fanout                                 ;
; datapath:PO|register_file:regs|regs[16][17] ; Lost fanout                                 ;
; datapath:PO|register_file:regs|regs[16][16] ; Lost fanout                                 ;
; datapath:PO|register_file:regs|regs[16][15] ; Lost fanout                                 ;
; datapath:PO|register_file:regs|regs[16][14] ; Lost fanout                                 ;
; datapath:PO|register_file:regs|regs[16][13] ; Lost fanout                                 ;
; datapath:PO|register_file:regs|regs[16][12] ; Lost fanout                                 ;
; datapath:PO|register_file:regs|regs[16][11] ; Lost fanout                                 ;
; datapath:PO|register_file:regs|regs[16][10] ; Lost fanout                                 ;
; datapath:PO|register_file:regs|regs[16][9]  ; Lost fanout                                 ;
; datapath:PO|register_file:regs|regs[16][8]  ; Lost fanout                                 ;
; datapath:PO|register_file:regs|regs[16][7]  ; Lost fanout                                 ;
; datapath:PO|register_file:regs|regs[16][6]  ; Lost fanout                                 ;
; datapath:PO|register_file:regs|regs[16][5]  ; Lost fanout                                 ;
; datapath:PO|register_file:regs|regs[16][4]  ; Lost fanout                                 ;
; datapath:PO|register_file:regs|regs[16][3]  ; Lost fanout                                 ;
; datapath:PO|register_file:regs|regs[16][2]  ; Lost fanout                                 ;
; datapath:PO|register_file:regs|regs[16][1]  ; Lost fanout                                 ;
; datapath:PO|register_file:regs|regs[16][0]  ; Lost fanout                                 ;
; datapath:PO|register_file:regs|regs[17][31] ; Lost fanout                                 ;
; datapath:PO|register_file:regs|regs[17][30] ; Lost fanout                                 ;
; datapath:PO|register_file:regs|regs[17][29] ; Lost fanout                                 ;
; datapath:PO|register_file:regs|regs[17][28] ; Lost fanout                                 ;
; datapath:PO|register_file:regs|regs[17][27] ; Lost fanout                                 ;
; datapath:PO|register_file:regs|regs[17][26] ; Lost fanout                                 ;
; datapath:PO|register_file:regs|regs[17][25] ; Lost fanout                                 ;
; datapath:PO|register_file:regs|regs[17][24] ; Lost fanout                                 ;
; datapath:PO|register_file:regs|regs[17][23] ; Lost fanout                                 ;
; datapath:PO|register_file:regs|regs[17][22] ; Lost fanout                                 ;
; datapath:PO|register_file:regs|regs[17][21] ; Lost fanout                                 ;
; datapath:PO|register_file:regs|regs[17][20] ; Lost fanout                                 ;
; datapath:PO|register_file:regs|regs[17][19] ; Lost fanout                                 ;
; datapath:PO|register_file:regs|regs[17][18] ; Lost fanout                                 ;
; datapath:PO|register_file:regs|regs[17][17] ; Lost fanout                                 ;
; datapath:PO|register_file:regs|regs[17][16] ; Lost fanout                                 ;
; datapath:PO|register_file:regs|regs[17][15] ; Lost fanout                                 ;
; datapath:PO|register_file:regs|regs[17][14] ; Lost fanout                                 ;
; datapath:PO|register_file:regs|regs[17][13] ; Lost fanout                                 ;
; datapath:PO|register_file:regs|regs[17][12] ; Lost fanout                                 ;
; datapath:PO|register_file:regs|regs[17][11] ; Lost fanout                                 ;
; datapath:PO|register_file:regs|regs[17][10] ; Lost fanout                                 ;
; datapath:PO|register_file:regs|regs[17][9]  ; Lost fanout                                 ;
; datapath:PO|register_file:regs|regs[17][8]  ; Lost fanout                                 ;
; datapath:PO|register_file:regs|regs[17][7]  ; Lost fanout                                 ;
; datapath:PO|register_file:regs|regs[17][6]  ; Lost fanout                                 ;
; datapath:PO|register_file:regs|regs[17][5]  ; Lost fanout                                 ;
; datapath:PO|register_file:regs|regs[17][4]  ; Lost fanout                                 ;
; datapath:PO|register_file:regs|regs[17][3]  ; Lost fanout                                 ;
; datapath:PO|register_file:regs|regs[17][2]  ; Lost fanout                                 ;
; datapath:PO|register_file:regs|regs[17][1]  ; Lost fanout                                 ;
; datapath:PO|register_file:regs|regs[17][0]  ; Lost fanout                                 ;
; datapath:PO|register_file:regs|regs[18][31] ; Lost fanout                                 ;
; datapath:PO|register_file:regs|regs[18][30] ; Lost fanout                                 ;
; datapath:PO|register_file:regs|regs[18][29] ; Lost fanout                                 ;
; datapath:PO|register_file:regs|regs[18][28] ; Lost fanout                                 ;
; datapath:PO|register_file:regs|regs[18][27] ; Lost fanout                                 ;
; datapath:PO|register_file:regs|regs[18][26] ; Lost fanout                                 ;
; datapath:PO|register_file:regs|regs[18][25] ; Lost fanout                                 ;
; datapath:PO|register_file:regs|regs[18][24] ; Lost fanout                                 ;
; datapath:PO|register_file:regs|regs[18][23] ; Lost fanout                                 ;
; datapath:PO|register_file:regs|regs[18][22] ; Lost fanout                                 ;
; datapath:PO|register_file:regs|regs[18][21] ; Lost fanout                                 ;
; datapath:PO|register_file:regs|regs[18][20] ; Lost fanout                                 ;
; datapath:PO|register_file:regs|regs[18][19] ; Lost fanout                                 ;
; datapath:PO|register_file:regs|regs[18][18] ; Lost fanout                                 ;
; datapath:PO|register_file:regs|regs[18][17] ; Lost fanout                                 ;
; datapath:PO|register_file:regs|regs[18][16] ; Lost fanout                                 ;
; datapath:PO|register_file:regs|regs[18][15] ; Lost fanout                                 ;
; datapath:PO|register_file:regs|regs[18][14] ; Lost fanout                                 ;
; datapath:PO|register_file:regs|regs[18][13] ; Lost fanout                                 ;
; datapath:PO|register_file:regs|regs[18][12] ; Lost fanout                                 ;
; datapath:PO|register_file:regs|regs[18][11] ; Lost fanout                                 ;
; datapath:PO|register_file:regs|regs[18][10] ; Lost fanout                                 ;
; datapath:PO|register_file:regs|regs[18][9]  ; Lost fanout                                 ;
; datapath:PO|register_file:regs|regs[18][8]  ; Lost fanout                                 ;
; datapath:PO|register_file:regs|regs[18][7]  ; Lost fanout                                 ;
; datapath:PO|register_file:regs|regs[18][6]  ; Lost fanout                                 ;
; datapath:PO|register_file:regs|regs[18][5]  ; Lost fanout                                 ;
; datapath:PO|register_file:regs|regs[18][4]  ; Lost fanout                                 ;
; datapath:PO|register_file:regs|regs[18][3]  ; Lost fanout                                 ;
; datapath:PO|register_file:regs|regs[18][2]  ; Lost fanout                                 ;
; datapath:PO|register_file:regs|regs[18][1]  ; Lost fanout                                 ;
; datapath:PO|register_file:regs|regs[18][0]  ; Lost fanout                                 ;
; datapath:PO|register_file:regs|regs[19][31] ; Lost fanout                                 ;
; datapath:PO|register_file:regs|regs[19][30] ; Lost fanout                                 ;
; datapath:PO|register_file:regs|regs[19][29] ; Lost fanout                                 ;
; datapath:PO|register_file:regs|regs[19][28] ; Lost fanout                                 ;
; datapath:PO|register_file:regs|regs[19][27] ; Lost fanout                                 ;
; datapath:PO|register_file:regs|regs[19][26] ; Lost fanout                                 ;
; datapath:PO|register_file:regs|regs[19][25] ; Lost fanout                                 ;
; datapath:PO|register_file:regs|regs[19][24] ; Lost fanout                                 ;
; datapath:PO|register_file:regs|regs[19][23] ; Lost fanout                                 ;
; datapath:PO|register_file:regs|regs[19][22] ; Lost fanout                                 ;
; datapath:PO|register_file:regs|regs[19][21] ; Lost fanout                                 ;
; datapath:PO|register_file:regs|regs[19][20] ; Lost fanout                                 ;
; datapath:PO|register_file:regs|regs[19][19] ; Lost fanout                                 ;
; datapath:PO|register_file:regs|regs[19][18] ; Lost fanout                                 ;
; datapath:PO|register_file:regs|regs[19][17] ; Lost fanout                                 ;
; datapath:PO|register_file:regs|regs[19][16] ; Lost fanout                                 ;
; datapath:PO|register_file:regs|regs[19][15] ; Lost fanout                                 ;
; datapath:PO|register_file:regs|regs[19][14] ; Lost fanout                                 ;
; datapath:PO|register_file:regs|regs[19][13] ; Lost fanout                                 ;
; datapath:PO|register_file:regs|regs[19][12] ; Lost fanout                                 ;
; datapath:PO|register_file:regs|regs[19][11] ; Lost fanout                                 ;
; datapath:PO|register_file:regs|regs[19][10] ; Lost fanout                                 ;
; datapath:PO|register_file:regs|regs[19][9]  ; Lost fanout                                 ;
; datapath:PO|register_file:regs|regs[19][8]  ; Lost fanout                                 ;
; datapath:PO|register_file:regs|regs[19][7]  ; Lost fanout                                 ;
; datapath:PO|register_file:regs|regs[19][6]  ; Lost fanout                                 ;
; datapath:PO|register_file:regs|regs[19][5]  ; Lost fanout                                 ;
; datapath:PO|register_file:regs|regs[19][4]  ; Lost fanout                                 ;
; datapath:PO|register_file:regs|regs[19][3]  ; Lost fanout                                 ;
; datapath:PO|register_file:regs|regs[19][2]  ; Lost fanout                                 ;
; datapath:PO|register_file:regs|regs[19][1]  ; Lost fanout                                 ;
; datapath:PO|register_file:regs|regs[19][0]  ; Lost fanout                                 ;
; datapath:PO|register_file:regs|regs[20][31] ; Lost fanout                                 ;
; datapath:PO|register_file:regs|regs[20][30] ; Lost fanout                                 ;
; datapath:PO|register_file:regs|regs[20][29] ; Lost fanout                                 ;
; datapath:PO|register_file:regs|regs[20][28] ; Lost fanout                                 ;
; datapath:PO|register_file:regs|regs[20][27] ; Lost fanout                                 ;
; datapath:PO|register_file:regs|regs[20][26] ; Lost fanout                                 ;
; datapath:PO|register_file:regs|regs[20][25] ; Lost fanout                                 ;
; datapath:PO|register_file:regs|regs[20][24] ; Lost fanout                                 ;
; datapath:PO|register_file:regs|regs[20][23] ; Lost fanout                                 ;
; datapath:PO|register_file:regs|regs[20][22] ; Lost fanout                                 ;
; datapath:PO|register_file:regs|regs[20][21] ; Lost fanout                                 ;
; datapath:PO|register_file:regs|regs[20][20] ; Lost fanout                                 ;
; datapath:PO|register_file:regs|regs[20][19] ; Lost fanout                                 ;
; datapath:PO|register_file:regs|regs[20][18] ; Lost fanout                                 ;
; datapath:PO|register_file:regs|regs[20][17] ; Lost fanout                                 ;
; datapath:PO|register_file:regs|regs[20][16] ; Lost fanout                                 ;
; datapath:PO|register_file:regs|regs[20][15] ; Lost fanout                                 ;
; datapath:PO|register_file:regs|regs[20][14] ; Lost fanout                                 ;
; datapath:PO|register_file:regs|regs[20][13] ; Lost fanout                                 ;
; datapath:PO|register_file:regs|regs[20][12] ; Lost fanout                                 ;
; datapath:PO|register_file:regs|regs[20][11] ; Lost fanout                                 ;
; datapath:PO|register_file:regs|regs[20][10] ; Lost fanout                                 ;
; datapath:PO|register_file:regs|regs[20][9]  ; Lost fanout                                 ;
; datapath:PO|register_file:regs|regs[20][8]  ; Lost fanout                                 ;
; datapath:PO|register_file:regs|regs[20][7]  ; Lost fanout                                 ;
; datapath:PO|register_file:regs|regs[20][6]  ; Lost fanout                                 ;
; datapath:PO|register_file:regs|regs[20][5]  ; Lost fanout                                 ;
; datapath:PO|register_file:regs|regs[20][4]  ; Lost fanout                                 ;
; datapath:PO|register_file:regs|regs[20][3]  ; Lost fanout                                 ;
; datapath:PO|register_file:regs|regs[20][2]  ; Lost fanout                                 ;
; datapath:PO|register_file:regs|regs[20][1]  ; Lost fanout                                 ;
; datapath:PO|register_file:regs|regs[20][0]  ; Lost fanout                                 ;
; datapath:PO|register_file:regs|regs[21][31] ; Lost fanout                                 ;
; datapath:PO|register_file:regs|regs[21][30] ; Lost fanout                                 ;
; datapath:PO|register_file:regs|regs[21][29] ; Lost fanout                                 ;
; datapath:PO|register_file:regs|regs[21][28] ; Lost fanout                                 ;
; datapath:PO|register_file:regs|regs[21][27] ; Lost fanout                                 ;
; datapath:PO|register_file:regs|regs[21][26] ; Lost fanout                                 ;
; datapath:PO|register_file:regs|regs[21][25] ; Lost fanout                                 ;
; datapath:PO|register_file:regs|regs[21][24] ; Lost fanout                                 ;
; datapath:PO|register_file:regs|regs[21][23] ; Lost fanout                                 ;
; datapath:PO|register_file:regs|regs[21][22] ; Lost fanout                                 ;
; datapath:PO|register_file:regs|regs[21][21] ; Lost fanout                                 ;
; datapath:PO|register_file:regs|regs[21][20] ; Lost fanout                                 ;
; datapath:PO|register_file:regs|regs[21][19] ; Lost fanout                                 ;
; datapath:PO|register_file:regs|regs[21][18] ; Lost fanout                                 ;
; datapath:PO|register_file:regs|regs[21][17] ; Lost fanout                                 ;
; datapath:PO|register_file:regs|regs[21][16] ; Lost fanout                                 ;
; datapath:PO|register_file:regs|regs[21][15] ; Lost fanout                                 ;
; datapath:PO|register_file:regs|regs[21][14] ; Lost fanout                                 ;
; datapath:PO|register_file:regs|regs[21][13] ; Lost fanout                                 ;
; datapath:PO|register_file:regs|regs[21][12] ; Lost fanout                                 ;
; datapath:PO|register_file:regs|regs[21][11] ; Lost fanout                                 ;
; datapath:PO|register_file:regs|regs[21][10] ; Lost fanout                                 ;
; datapath:PO|register_file:regs|regs[21][9]  ; Lost fanout                                 ;
; datapath:PO|register_file:regs|regs[21][8]  ; Lost fanout                                 ;
; datapath:PO|register_file:regs|regs[21][7]  ; Lost fanout                                 ;
; datapath:PO|register_file:regs|regs[21][6]  ; Lost fanout                                 ;
; datapath:PO|register_file:regs|regs[21][5]  ; Lost fanout                                 ;
; datapath:PO|register_file:regs|regs[21][4]  ; Lost fanout                                 ;
; datapath:PO|register_file:regs|regs[21][3]  ; Lost fanout                                 ;
; datapath:PO|register_file:regs|regs[21][2]  ; Lost fanout                                 ;
; datapath:PO|register_file:regs|regs[21][1]  ; Lost fanout                                 ;
; datapath:PO|register_file:regs|regs[21][0]  ; Lost fanout                                 ;
; datapath:PO|register_file:regs|regs[22][31] ; Lost fanout                                 ;
; datapath:PO|register_file:regs|regs[22][30] ; Lost fanout                                 ;
; datapath:PO|register_file:regs|regs[22][29] ; Lost fanout                                 ;
; datapath:PO|register_file:regs|regs[22][28] ; Lost fanout                                 ;
; datapath:PO|register_file:regs|regs[22][27] ; Lost fanout                                 ;
; datapath:PO|register_file:regs|regs[22][26] ; Lost fanout                                 ;
; datapath:PO|register_file:regs|regs[22][25] ; Lost fanout                                 ;
; datapath:PO|register_file:regs|regs[22][24] ; Lost fanout                                 ;
; datapath:PO|register_file:regs|regs[22][23] ; Lost fanout                                 ;
; datapath:PO|register_file:regs|regs[22][22] ; Lost fanout                                 ;
; datapath:PO|register_file:regs|regs[22][21] ; Lost fanout                                 ;
; datapath:PO|register_file:regs|regs[22][20] ; Lost fanout                                 ;
; datapath:PO|register_file:regs|regs[22][19] ; Lost fanout                                 ;
; datapath:PO|register_file:regs|regs[22][18] ; Lost fanout                                 ;
; datapath:PO|register_file:regs|regs[22][17] ; Lost fanout                                 ;
; datapath:PO|register_file:regs|regs[22][16] ; Lost fanout                                 ;
; datapath:PO|register_file:regs|regs[22][15] ; Lost fanout                                 ;
; datapath:PO|register_file:regs|regs[22][14] ; Lost fanout                                 ;
; datapath:PO|register_file:regs|regs[22][13] ; Lost fanout                                 ;
; datapath:PO|register_file:regs|regs[22][12] ; Lost fanout                                 ;
; datapath:PO|register_file:regs|regs[22][11] ; Lost fanout                                 ;
; datapath:PO|register_file:regs|regs[22][10] ; Lost fanout                                 ;
; datapath:PO|register_file:regs|regs[22][9]  ; Lost fanout                                 ;
; datapath:PO|register_file:regs|regs[22][8]  ; Lost fanout                                 ;
; datapath:PO|register_file:regs|regs[22][7]  ; Lost fanout                                 ;
; datapath:PO|register_file:regs|regs[22][6]  ; Lost fanout                                 ;
; datapath:PO|register_file:regs|regs[22][5]  ; Lost fanout                                 ;
; datapath:PO|register_file:regs|regs[22][4]  ; Lost fanout                                 ;
; datapath:PO|register_file:regs|regs[22][3]  ; Lost fanout                                 ;
; datapath:PO|register_file:regs|regs[22][2]  ; Lost fanout                                 ;
; datapath:PO|register_file:regs|regs[22][1]  ; Lost fanout                                 ;
; datapath:PO|register_file:regs|regs[22][0]  ; Lost fanout                                 ;
; datapath:PO|register_file:regs|regs[23][31] ; Lost fanout                                 ;
; datapath:PO|register_file:regs|regs[23][30] ; Lost fanout                                 ;
; datapath:PO|register_file:regs|regs[23][29] ; Lost fanout                                 ;
; datapath:PO|register_file:regs|regs[23][28] ; Lost fanout                                 ;
; datapath:PO|register_file:regs|regs[23][27] ; Lost fanout                                 ;
; datapath:PO|register_file:regs|regs[23][26] ; Lost fanout                                 ;
; datapath:PO|register_file:regs|regs[23][25] ; Lost fanout                                 ;
; datapath:PO|register_file:regs|regs[23][24] ; Lost fanout                                 ;
; datapath:PO|register_file:regs|regs[23][23] ; Lost fanout                                 ;
; datapath:PO|register_file:regs|regs[23][22] ; Lost fanout                                 ;
; datapath:PO|register_file:regs|regs[23][21] ; Lost fanout                                 ;
; datapath:PO|register_file:regs|regs[23][20] ; Lost fanout                                 ;
; datapath:PO|register_file:regs|regs[23][19] ; Lost fanout                                 ;
; datapath:PO|register_file:regs|regs[23][18] ; Lost fanout                                 ;
; datapath:PO|register_file:regs|regs[23][17] ; Lost fanout                                 ;
; datapath:PO|register_file:regs|regs[23][16] ; Lost fanout                                 ;
; datapath:PO|register_file:regs|regs[23][15] ; Lost fanout                                 ;
; datapath:PO|register_file:regs|regs[23][14] ; Lost fanout                                 ;
; datapath:PO|register_file:regs|regs[23][13] ; Lost fanout                                 ;
; datapath:PO|register_file:regs|regs[23][12] ; Lost fanout                                 ;
; datapath:PO|register_file:regs|regs[23][11] ; Lost fanout                                 ;
; datapath:PO|register_file:regs|regs[23][10] ; Lost fanout                                 ;
; datapath:PO|register_file:regs|regs[23][9]  ; Lost fanout                                 ;
; datapath:PO|register_file:regs|regs[23][8]  ; Lost fanout                                 ;
; datapath:PO|register_file:regs|regs[23][7]  ; Lost fanout                                 ;
; datapath:PO|register_file:regs|regs[23][6]  ; Lost fanout                                 ;
; datapath:PO|register_file:regs|regs[23][5]  ; Lost fanout                                 ;
; datapath:PO|register_file:regs|regs[23][4]  ; Lost fanout                                 ;
; datapath:PO|register_file:regs|regs[23][3]  ; Lost fanout                                 ;
; datapath:PO|register_file:regs|regs[23][2]  ; Lost fanout                                 ;
; datapath:PO|register_file:regs|regs[23][1]  ; Lost fanout                                 ;
; datapath:PO|register_file:regs|regs[23][0]  ; Lost fanout                                 ;
; datapath:PO|register_file:regs|regs[24][31] ; Lost fanout                                 ;
; datapath:PO|register_file:regs|regs[24][30] ; Lost fanout                                 ;
; datapath:PO|register_file:regs|regs[24][29] ; Lost fanout                                 ;
; datapath:PO|register_file:regs|regs[24][28] ; Lost fanout                                 ;
; datapath:PO|register_file:regs|regs[24][27] ; Lost fanout                                 ;
; datapath:PO|register_file:regs|regs[24][26] ; Lost fanout                                 ;
; datapath:PO|register_file:regs|regs[24][25] ; Lost fanout                                 ;
; datapath:PO|register_file:regs|regs[24][24] ; Lost fanout                                 ;
; datapath:PO|register_file:regs|regs[24][23] ; Lost fanout                                 ;
; datapath:PO|register_file:regs|regs[24][22] ; Lost fanout                                 ;
; datapath:PO|register_file:regs|regs[24][21] ; Lost fanout                                 ;
; datapath:PO|register_file:regs|regs[24][20] ; Lost fanout                                 ;
; datapath:PO|register_file:regs|regs[24][19] ; Lost fanout                                 ;
; datapath:PO|register_file:regs|regs[24][18] ; Lost fanout                                 ;
; datapath:PO|register_file:regs|regs[24][17] ; Lost fanout                                 ;
; datapath:PO|register_file:regs|regs[24][16] ; Lost fanout                                 ;
; datapath:PO|register_file:regs|regs[24][15] ; Lost fanout                                 ;
; datapath:PO|register_file:regs|regs[24][14] ; Lost fanout                                 ;
; datapath:PO|register_file:regs|regs[24][13] ; Lost fanout                                 ;
; datapath:PO|register_file:regs|regs[24][12] ; Lost fanout                                 ;
; datapath:PO|register_file:regs|regs[24][11] ; Lost fanout                                 ;
; datapath:PO|register_file:regs|regs[24][10] ; Lost fanout                                 ;
; datapath:PO|register_file:regs|regs[24][9]  ; Lost fanout                                 ;
; datapath:PO|register_file:regs|regs[24][8]  ; Lost fanout                                 ;
; datapath:PO|register_file:regs|regs[24][7]  ; Lost fanout                                 ;
; datapath:PO|register_file:regs|regs[24][6]  ; Lost fanout                                 ;
; datapath:PO|register_file:regs|regs[24][5]  ; Lost fanout                                 ;
; datapath:PO|register_file:regs|regs[24][4]  ; Lost fanout                                 ;
; datapath:PO|register_file:regs|regs[24][3]  ; Lost fanout                                 ;
; datapath:PO|register_file:regs|regs[24][2]  ; Lost fanout                                 ;
; datapath:PO|register_file:regs|regs[24][1]  ; Lost fanout                                 ;
; datapath:PO|register_file:regs|regs[24][0]  ; Lost fanout                                 ;
; datapath:PO|register_file:regs|regs[25][31] ; Lost fanout                                 ;
; datapath:PO|register_file:regs|regs[25][30] ; Lost fanout                                 ;
; datapath:PO|register_file:regs|regs[25][29] ; Lost fanout                                 ;
; datapath:PO|register_file:regs|regs[25][28] ; Lost fanout                                 ;
; datapath:PO|register_file:regs|regs[25][27] ; Lost fanout                                 ;
; datapath:PO|register_file:regs|regs[25][26] ; Lost fanout                                 ;
; datapath:PO|register_file:regs|regs[25][25] ; Lost fanout                                 ;
; datapath:PO|register_file:regs|regs[25][24] ; Lost fanout                                 ;
; datapath:PO|register_file:regs|regs[25][23] ; Lost fanout                                 ;
; datapath:PO|register_file:regs|regs[25][22] ; Lost fanout                                 ;
; datapath:PO|register_file:regs|regs[25][21] ; Lost fanout                                 ;
; datapath:PO|register_file:regs|regs[25][20] ; Lost fanout                                 ;
; datapath:PO|register_file:regs|regs[25][19] ; Lost fanout                                 ;
; datapath:PO|register_file:regs|regs[25][18] ; Lost fanout                                 ;
; datapath:PO|register_file:regs|regs[25][17] ; Lost fanout                                 ;
; datapath:PO|register_file:regs|regs[25][16] ; Lost fanout                                 ;
; datapath:PO|register_file:regs|regs[25][15] ; Lost fanout                                 ;
; datapath:PO|register_file:regs|regs[25][14] ; Lost fanout                                 ;
; datapath:PO|register_file:regs|regs[25][13] ; Lost fanout                                 ;
; datapath:PO|register_file:regs|regs[25][12] ; Lost fanout                                 ;
; datapath:PO|register_file:regs|regs[25][11] ; Lost fanout                                 ;
; datapath:PO|register_file:regs|regs[25][10] ; Lost fanout                                 ;
; datapath:PO|register_file:regs|regs[25][9]  ; Lost fanout                                 ;
; datapath:PO|register_file:regs|regs[25][8]  ; Lost fanout                                 ;
; datapath:PO|register_file:regs|regs[25][7]  ; Lost fanout                                 ;
; datapath:PO|register_file:regs|regs[25][6]  ; Lost fanout                                 ;
; datapath:PO|register_file:regs|regs[25][5]  ; Lost fanout                                 ;
; datapath:PO|register_file:regs|regs[25][4]  ; Lost fanout                                 ;
; datapath:PO|register_file:regs|regs[25][3]  ; Lost fanout                                 ;
; datapath:PO|register_file:regs|regs[25][2]  ; Lost fanout                                 ;
; datapath:PO|register_file:regs|regs[25][1]  ; Lost fanout                                 ;
; datapath:PO|register_file:regs|regs[25][0]  ; Lost fanout                                 ;
; datapath:PO|register_file:regs|regs[26][31] ; Lost fanout                                 ;
; datapath:PO|register_file:regs|regs[26][30] ; Lost fanout                                 ;
; datapath:PO|register_file:regs|regs[26][29] ; Lost fanout                                 ;
; datapath:PO|register_file:regs|regs[26][28] ; Lost fanout                                 ;
; datapath:PO|register_file:regs|regs[26][27] ; Lost fanout                                 ;
; datapath:PO|register_file:regs|regs[26][26] ; Lost fanout                                 ;
; datapath:PO|register_file:regs|regs[26][25] ; Lost fanout                                 ;
; datapath:PO|register_file:regs|regs[26][24] ; Lost fanout                                 ;
; datapath:PO|register_file:regs|regs[26][23] ; Lost fanout                                 ;
; datapath:PO|register_file:regs|regs[26][22] ; Lost fanout                                 ;
; datapath:PO|register_file:regs|regs[26][21] ; Lost fanout                                 ;
; datapath:PO|register_file:regs|regs[26][20] ; Lost fanout                                 ;
; datapath:PO|register_file:regs|regs[26][19] ; Lost fanout                                 ;
; datapath:PO|register_file:regs|regs[26][18] ; Lost fanout                                 ;
; datapath:PO|register_file:regs|regs[26][17] ; Lost fanout                                 ;
; datapath:PO|register_file:regs|regs[26][16] ; Lost fanout                                 ;
; datapath:PO|register_file:regs|regs[26][15] ; Lost fanout                                 ;
; datapath:PO|register_file:regs|regs[26][14] ; Lost fanout                                 ;
; datapath:PO|register_file:regs|regs[26][13] ; Lost fanout                                 ;
; datapath:PO|register_file:regs|regs[26][12] ; Lost fanout                                 ;
; datapath:PO|register_file:regs|regs[26][11] ; Lost fanout                                 ;
; datapath:PO|register_file:regs|regs[26][10] ; Lost fanout                                 ;
; datapath:PO|register_file:regs|regs[26][9]  ; Lost fanout                                 ;
; datapath:PO|register_file:regs|regs[26][8]  ; Lost fanout                                 ;
; datapath:PO|register_file:regs|regs[26][7]  ; Lost fanout                                 ;
; datapath:PO|register_file:regs|regs[26][6]  ; Lost fanout                                 ;
; datapath:PO|register_file:regs|regs[26][5]  ; Lost fanout                                 ;
; datapath:PO|register_file:regs|regs[26][4]  ; Lost fanout                                 ;
; datapath:PO|register_file:regs|regs[26][3]  ; Lost fanout                                 ;
; datapath:PO|register_file:regs|regs[26][2]  ; Lost fanout                                 ;
; datapath:PO|register_file:regs|regs[26][1]  ; Lost fanout                                 ;
; datapath:PO|register_file:regs|regs[26][0]  ; Lost fanout                                 ;
; datapath:PO|register_file:regs|regs[27][31] ; Lost fanout                                 ;
; datapath:PO|register_file:regs|regs[27][30] ; Lost fanout                                 ;
; datapath:PO|register_file:regs|regs[27][29] ; Lost fanout                                 ;
; datapath:PO|register_file:regs|regs[27][28] ; Lost fanout                                 ;
; datapath:PO|register_file:regs|regs[27][27] ; Lost fanout                                 ;
; datapath:PO|register_file:regs|regs[27][26] ; Lost fanout                                 ;
; datapath:PO|register_file:regs|regs[27][25] ; Lost fanout                                 ;
; datapath:PO|register_file:regs|regs[27][24] ; Lost fanout                                 ;
; datapath:PO|register_file:regs|regs[27][23] ; Lost fanout                                 ;
; datapath:PO|register_file:regs|regs[27][22] ; Lost fanout                                 ;
; datapath:PO|register_file:regs|regs[27][21] ; Lost fanout                                 ;
; datapath:PO|register_file:regs|regs[27][20] ; Lost fanout                                 ;
; datapath:PO|register_file:regs|regs[27][19] ; Lost fanout                                 ;
; datapath:PO|register_file:regs|regs[27][18] ; Lost fanout                                 ;
; datapath:PO|register_file:regs|regs[27][17] ; Lost fanout                                 ;
; datapath:PO|register_file:regs|regs[27][16] ; Lost fanout                                 ;
; datapath:PO|register_file:regs|regs[27][15] ; Lost fanout                                 ;
; datapath:PO|register_file:regs|regs[27][14] ; Lost fanout                                 ;
; datapath:PO|register_file:regs|regs[27][13] ; Lost fanout                                 ;
; datapath:PO|register_file:regs|regs[27][12] ; Lost fanout                                 ;
; datapath:PO|register_file:regs|regs[27][11] ; Lost fanout                                 ;
; datapath:PO|register_file:regs|regs[27][10] ; Lost fanout                                 ;
; datapath:PO|register_file:regs|regs[27][9]  ; Lost fanout                                 ;
; datapath:PO|register_file:regs|regs[27][8]  ; Lost fanout                                 ;
; datapath:PO|register_file:regs|regs[27][7]  ; Lost fanout                                 ;
; datapath:PO|register_file:regs|regs[27][6]  ; Lost fanout                                 ;
; datapath:PO|register_file:regs|regs[27][5]  ; Lost fanout                                 ;
; datapath:PO|register_file:regs|regs[27][4]  ; Lost fanout                                 ;
; datapath:PO|register_file:regs|regs[27][3]  ; Lost fanout                                 ;
; datapath:PO|register_file:regs|regs[27][2]  ; Lost fanout                                 ;
; datapath:PO|register_file:regs|regs[27][1]  ; Lost fanout                                 ;
; datapath:PO|register_file:regs|regs[27][0]  ; Lost fanout                                 ;
; datapath:PO|register_file:regs|regs[28][31] ; Lost fanout                                 ;
; datapath:PO|register_file:regs|regs[28][30] ; Lost fanout                                 ;
; datapath:PO|register_file:regs|regs[28][29] ; Lost fanout                                 ;
; datapath:PO|register_file:regs|regs[28][28] ; Lost fanout                                 ;
; datapath:PO|register_file:regs|regs[28][27] ; Lost fanout                                 ;
; datapath:PO|register_file:regs|regs[28][26] ; Lost fanout                                 ;
; datapath:PO|register_file:regs|regs[28][25] ; Lost fanout                                 ;
; datapath:PO|register_file:regs|regs[28][24] ; Lost fanout                                 ;
; datapath:PO|register_file:regs|regs[28][23] ; Lost fanout                                 ;
; datapath:PO|register_file:regs|regs[28][22] ; Lost fanout                                 ;
; datapath:PO|register_file:regs|regs[28][21] ; Lost fanout                                 ;
; datapath:PO|register_file:regs|regs[28][20] ; Lost fanout                                 ;
; datapath:PO|register_file:regs|regs[28][19] ; Lost fanout                                 ;
; datapath:PO|register_file:regs|regs[28][18] ; Lost fanout                                 ;
; datapath:PO|register_file:regs|regs[28][17] ; Lost fanout                                 ;
; datapath:PO|register_file:regs|regs[28][16] ; Lost fanout                                 ;
; datapath:PO|register_file:regs|regs[28][15] ; Lost fanout                                 ;
; datapath:PO|register_file:regs|regs[28][14] ; Lost fanout                                 ;
; datapath:PO|register_file:regs|regs[28][13] ; Lost fanout                                 ;
; datapath:PO|register_file:regs|regs[28][12] ; Lost fanout                                 ;
; datapath:PO|register_file:regs|regs[28][11] ; Lost fanout                                 ;
; datapath:PO|register_file:regs|regs[28][10] ; Lost fanout                                 ;
; datapath:PO|register_file:regs|regs[28][9]  ; Lost fanout                                 ;
; datapath:PO|register_file:regs|regs[28][8]  ; Lost fanout                                 ;
; datapath:PO|register_file:regs|regs[28][7]  ; Lost fanout                                 ;
; datapath:PO|register_file:regs|regs[28][6]  ; Lost fanout                                 ;
; datapath:PO|register_file:regs|regs[28][5]  ; Lost fanout                                 ;
; datapath:PO|register_file:regs|regs[28][4]  ; Lost fanout                                 ;
; datapath:PO|register_file:regs|regs[28][3]  ; Lost fanout                                 ;
; datapath:PO|register_file:regs|regs[28][2]  ; Lost fanout                                 ;
; datapath:PO|register_file:regs|regs[28][1]  ; Lost fanout                                 ;
; datapath:PO|register_file:regs|regs[28][0]  ; Lost fanout                                 ;
; datapath:PO|register_file:regs|regs[29][31] ; Lost fanout                                 ;
; datapath:PO|register_file:regs|regs[29][30] ; Lost fanout                                 ;
; datapath:PO|register_file:regs|regs[29][29] ; Lost fanout                                 ;
; datapath:PO|register_file:regs|regs[29][28] ; Lost fanout                                 ;
; datapath:PO|register_file:regs|regs[29][27] ; Lost fanout                                 ;
; datapath:PO|register_file:regs|regs[29][26] ; Lost fanout                                 ;
; datapath:PO|register_file:regs|regs[29][25] ; Lost fanout                                 ;
; datapath:PO|register_file:regs|regs[29][24] ; Lost fanout                                 ;
; datapath:PO|register_file:regs|regs[29][23] ; Lost fanout                                 ;
; datapath:PO|register_file:regs|regs[29][22] ; Lost fanout                                 ;
; datapath:PO|register_file:regs|regs[29][21] ; Lost fanout                                 ;
; datapath:PO|register_file:regs|regs[29][20] ; Lost fanout                                 ;
; datapath:PO|register_file:regs|regs[29][19] ; Lost fanout                                 ;
; datapath:PO|register_file:regs|regs[29][18] ; Lost fanout                                 ;
; datapath:PO|register_file:regs|regs[29][17] ; Lost fanout                                 ;
; datapath:PO|register_file:regs|regs[29][16] ; Lost fanout                                 ;
; datapath:PO|register_file:regs|regs[29][15] ; Lost fanout                                 ;
; datapath:PO|register_file:regs|regs[29][14] ; Lost fanout                                 ;
; datapath:PO|register_file:regs|regs[29][13] ; Lost fanout                                 ;
; datapath:PO|register_file:regs|regs[29][12] ; Lost fanout                                 ;
; datapath:PO|register_file:regs|regs[29][11] ; Lost fanout                                 ;
; datapath:PO|register_file:regs|regs[29][10] ; Lost fanout                                 ;
; datapath:PO|register_file:regs|regs[29][9]  ; Lost fanout                                 ;
; datapath:PO|register_file:regs|regs[29][8]  ; Lost fanout                                 ;
; datapath:PO|register_file:regs|regs[29][7]  ; Lost fanout                                 ;
; datapath:PO|register_file:regs|regs[29][6]  ; Lost fanout                                 ;
; datapath:PO|register_file:regs|regs[29][5]  ; Lost fanout                                 ;
; datapath:PO|register_file:regs|regs[29][4]  ; Lost fanout                                 ;
; datapath:PO|register_file:regs|regs[29][3]  ; Lost fanout                                 ;
; datapath:PO|register_file:regs|regs[29][2]  ; Lost fanout                                 ;
; datapath:PO|register_file:regs|regs[29][1]  ; Lost fanout                                 ;
; datapath:PO|register_file:regs|regs[29][0]  ; Lost fanout                                 ;
; datapath:PO|register_file:regs|regs[30][31] ; Lost fanout                                 ;
; datapath:PO|register_file:regs|regs[30][30] ; Lost fanout                                 ;
; datapath:PO|register_file:regs|regs[30][29] ; Lost fanout                                 ;
; datapath:PO|register_file:regs|regs[30][28] ; Lost fanout                                 ;
; datapath:PO|register_file:regs|regs[30][27] ; Lost fanout                                 ;
; datapath:PO|register_file:regs|regs[30][26] ; Lost fanout                                 ;
; datapath:PO|register_file:regs|regs[30][25] ; Lost fanout                                 ;
; datapath:PO|register_file:regs|regs[30][24] ; Lost fanout                                 ;
; datapath:PO|register_file:regs|regs[30][23] ; Lost fanout                                 ;
; datapath:PO|register_file:regs|regs[30][22] ; Lost fanout                                 ;
; datapath:PO|register_file:regs|regs[30][21] ; Lost fanout                                 ;
; datapath:PO|register_file:regs|regs[30][20] ; Lost fanout                                 ;
; datapath:PO|register_file:regs|regs[30][19] ; Lost fanout                                 ;
; datapath:PO|register_file:regs|regs[30][18] ; Lost fanout                                 ;
; datapath:PO|register_file:regs|regs[30][17] ; Lost fanout                                 ;
; datapath:PO|register_file:regs|regs[30][16] ; Lost fanout                                 ;
; datapath:PO|register_file:regs|regs[30][15] ; Lost fanout                                 ;
; datapath:PO|register_file:regs|regs[30][14] ; Lost fanout                                 ;
; datapath:PO|register_file:regs|regs[30][13] ; Lost fanout                                 ;
; datapath:PO|register_file:regs|regs[30][12] ; Lost fanout                                 ;
; datapath:PO|register_file:regs|regs[30][11] ; Lost fanout                                 ;
; datapath:PO|register_file:regs|regs[30][10] ; Lost fanout                                 ;
; datapath:PO|register_file:regs|regs[30][9]  ; Lost fanout                                 ;
; datapath:PO|register_file:regs|regs[30][8]  ; Lost fanout                                 ;
; datapath:PO|register_file:regs|regs[30][7]  ; Lost fanout                                 ;
; datapath:PO|register_file:regs|regs[30][6]  ; Lost fanout                                 ;
; datapath:PO|register_file:regs|regs[30][5]  ; Lost fanout                                 ;
; datapath:PO|register_file:regs|regs[30][4]  ; Lost fanout                                 ;
; datapath:PO|register_file:regs|regs[30][3]  ; Lost fanout                                 ;
; datapath:PO|register_file:regs|regs[30][2]  ; Lost fanout                                 ;
; datapath:PO|register_file:regs|regs[30][1]  ; Lost fanout                                 ;
; datapath:PO|register_file:regs|regs[30][0]  ; Lost fanout                                 ;
; datapath:PO|register_file:regs|regs[31][31] ; Lost fanout                                 ;
; datapath:PO|register_file:regs|regs[31][30] ; Lost fanout                                 ;
; datapath:PO|register_file:regs|regs[31][29] ; Lost fanout                                 ;
; datapath:PO|register_file:regs|regs[31][28] ; Lost fanout                                 ;
; datapath:PO|register_file:regs|regs[31][27] ; Lost fanout                                 ;
; datapath:PO|register_file:regs|regs[31][26] ; Lost fanout                                 ;
; datapath:PO|register_file:regs|regs[31][25] ; Lost fanout                                 ;
; datapath:PO|register_file:regs|regs[31][24] ; Lost fanout                                 ;
; datapath:PO|register_file:regs|regs[31][23] ; Lost fanout                                 ;
; datapath:PO|register_file:regs|regs[31][22] ; Lost fanout                                 ;
; datapath:PO|register_file:regs|regs[31][21] ; Lost fanout                                 ;
; datapath:PO|register_file:regs|regs[31][20] ; Lost fanout                                 ;
; datapath:PO|register_file:regs|regs[31][19] ; Lost fanout                                 ;
; datapath:PO|register_file:regs|regs[31][18] ; Lost fanout                                 ;
; datapath:PO|register_file:regs|regs[31][17] ; Lost fanout                                 ;
; datapath:PO|register_file:regs|regs[31][16] ; Lost fanout                                 ;
; datapath:PO|register_file:regs|regs[31][15] ; Lost fanout                                 ;
; datapath:PO|register_file:regs|regs[31][14] ; Lost fanout                                 ;
; datapath:PO|register_file:regs|regs[31][13] ; Lost fanout                                 ;
; datapath:PO|register_file:regs|regs[31][12] ; Lost fanout                                 ;
; datapath:PO|register_file:regs|regs[31][11] ; Lost fanout                                 ;
; datapath:PO|register_file:regs|regs[31][10] ; Lost fanout                                 ;
; datapath:PO|register_file:regs|regs[31][9]  ; Lost fanout                                 ;
; datapath:PO|register_file:regs|regs[31][8]  ; Lost fanout                                 ;
; datapath:PO|register_file:regs|regs[31][7]  ; Lost fanout                                 ;
; datapath:PO|register_file:regs|regs[31][6]  ; Lost fanout                                 ;
; datapath:PO|register_file:regs|regs[31][5]  ; Lost fanout                                 ;
; datapath:PO|register_file:regs|regs[31][4]  ; Lost fanout                                 ;
; datapath:PO|register_file:regs|regs[31][3]  ; Lost fanout                                 ;
; datapath:PO|register_file:regs|regs[31][2]  ; Lost fanout                                 ;
; datapath:PO|register_file:regs|regs[31][1]  ; Lost fanout                                 ;
; datapath:PO|register_file:regs|regs[31][0]  ; Lost fanout                                 ;
; datapath:PO|register_file:regs|regs[0][31]  ; Stuck at GND due to stuck port clock_enable ;
; datapath:PO|register_file:regs|regs[0][30]  ; Stuck at GND due to stuck port clock_enable ;
; datapath:PO|register_file:regs|regs[0][29]  ; Stuck at GND due to stuck port clock_enable ;
; datapath:PO|register_file:regs|regs[0][28]  ; Stuck at GND due to stuck port clock_enable ;
; datapath:PO|register_file:regs|regs[0][27]  ; Stuck at GND due to stuck port clock_enable ;
; datapath:PO|register_file:regs|regs[0][26]  ; Stuck at GND due to stuck port clock_enable ;
; datapath:PO|register_file:regs|regs[0][25]  ; Stuck at GND due to stuck port clock_enable ;
; datapath:PO|register_file:regs|regs[0][24]  ; Stuck at GND due to stuck port clock_enable ;
; datapath:PO|register_file:regs|regs[0][23]  ; Stuck at GND due to stuck port clock_enable ;
; datapath:PO|register_file:regs|regs[0][22]  ; Stuck at GND due to stuck port clock_enable ;
; datapath:PO|register_file:regs|regs[0][21]  ; Stuck at GND due to stuck port clock_enable ;
; datapath:PO|register_file:regs|regs[0][20]  ; Stuck at GND due to stuck port clock_enable ;
; datapath:PO|register_file:regs|regs[0][19]  ; Stuck at GND due to stuck port clock_enable ;
; datapath:PO|register_file:regs|regs[0][18]  ; Stuck at GND due to stuck port clock_enable ;
; datapath:PO|register_file:regs|regs[0][17]  ; Stuck at GND due to stuck port clock_enable ;
; datapath:PO|register_file:regs|regs[0][16]  ; Stuck at GND due to stuck port clock_enable ;
; datapath:PO|register_file:regs|regs[0][15]  ; Stuck at GND due to stuck port clock_enable ;
; datapath:PO|register_file:regs|regs[0][14]  ; Stuck at GND due to stuck port clock_enable ;
; datapath:PO|register_file:regs|regs[0][13]  ; Stuck at GND due to stuck port clock_enable ;
; datapath:PO|register_file:regs|regs[0][12]  ; Stuck at GND due to stuck port clock_enable ;
; datapath:PO|register_file:regs|regs[0][11]  ; Stuck at GND due to stuck port clock_enable ;
; datapath:PO|register_file:regs|regs[0][10]  ; Stuck at GND due to stuck port clock_enable ;
; datapath:PO|register_file:regs|regs[0][9]   ; Stuck at GND due to stuck port clock_enable ;
; datapath:PO|register_file:regs|regs[0][8]   ; Stuck at GND due to stuck port clock_enable ;
; datapath:PO|register_file:regs|regs[0][7]   ; Stuck at GND due to stuck port clock_enable ;
; datapath:PO|register_file:regs|regs[0][6]   ; Stuck at GND due to stuck port clock_enable ;
; datapath:PO|register_file:regs|regs[0][5]   ; Stuck at GND due to stuck port clock_enable ;
; datapath:PO|register_file:regs|regs[0][4]   ; Stuck at GND due to stuck port clock_enable ;
; datapath:PO|register_file:regs|regs[0][3]   ; Stuck at GND due to stuck port clock_enable ;
; datapath:PO|register_file:regs|regs[0][2]   ; Stuck at GND due to stuck port clock_enable ;
; datapath:PO|register_file:regs|regs[0][1]   ; Stuck at GND due to stuck port clock_enable ;
; datapath:PO|register_file:regs|regs[0][0]   ; Stuck at GND due to stuck port clock_enable ;
; Total Number of Removed Registers = 544     ;                                             ;
+---------------------------------------------+---------------------------------------------+


+------------------------------------------------------+
; General Register Statistics                          ;
+----------------------------------------------+-------+
; Statistic                                    ; Value ;
+----------------------------------------------+-------+
; Total registers                              ; 33258 ;
; Number of registers using Synchronous Clear  ; 0     ;
; Number of registers using Synchronous Load   ; 5     ;
; Number of registers using Asynchronous Clear ; 490   ;
; Number of registers using Asynchronous Load  ; 0     ;
; Number of registers using Clock Enable       ; 33248 ;
; Number of registers using Preset             ; 0     ;
+----------------------------------------------+-------+


+--------------------------------------------------+
; Inverted Register Statistics                     ;
+----------------------------------------+---------+
; Inverted Register                      ; Fan out ;
+----------------------------------------+---------+
; datapath:PO|data_memory:dmem|mem[0][0] ; 2       ;
; datapath:PO|data_memory:dmem|mem[0][2] ; 2       ;
; datapath:PO|data_memory:dmem|mem[1][0] ; 2       ;
; datapath:PO|data_memory:dmem|mem[1][1] ; 2       ;
; Total number of inverted registers = 4 ;         ;
+----------------------------------------+---------+


+-----------------------------------------------------------------------------------------------------------------------------------------------------------------+
; Multiplexer Restructuring Statistics (Restructuring Performed)                                                                                                  ;
+--------------------+-----------+---------------+----------------------+------------------------+------------+---------------------------------------------------+
; Multiplexer Inputs ; Bus Width ; Baseline Area ; Area if Restructured ; Saving if Restructured ; Registered ; Example Multiplexer Output                        ;
+--------------------+-----------+---------------+----------------------+------------------------+------------+---------------------------------------------------+
; 3:1                ; 5 bits    ; 10 LEs        ; 10 LEs               ; 0 LEs                  ; Yes        ; |mips|datapath:PO|PC[9]                           ;
; 3:1                ; 5 bits    ; 10 LEs        ; 10 LEs               ; 0 LEs                  ; Yes        ; |mips|datapath:PO|PC[5]                           ;
; 8:1                ; 31 bits   ; 155 LEs       ; 124 LEs              ; 31 LEs                 ; No         ; |mips|datapath:PO|arithmetic_logic_unit:alu|Mux18 ;
; 9:1                ; 32 bits   ; 192 LEs       ; 192 LEs              ; 0 LEs                  ; No         ; |mips|datapath:PO|register_file:regs|A_data[31]   ;
; 17:1               ; 32 bits   ; 352 LEs       ; 352 LEs              ; 0 LEs                  ; No         ; |mips|datapath:PO|register_file:regs|B_data[22]   ;
; 32:1               ; 2 bits    ; 42 LEs        ; 16 LEs               ; 26 LEs                 ; No         ; |mips|control_unit:PCU|Mux6                       ;
; 1025:1             ; 32 bits   ; 21856 LEs     ; 21856 LEs            ; 0 LEs                  ; No         ; |mips|datapath:PO|mux2_1:mux_wb|out_mux[7]        ;
+--------------------+-----------+---------------+----------------------+------------------------+------------+---------------------------------------------------+


+------------------------------------------------------------------------+
; Parameter Settings for User Entity Instance: datapath:PO|mux2_1:mux_rd ;
+----------------+-------+-----------------------------------------------+
; Parameter Name ; Value ; Type                                          ;
+----------------+-------+-----------------------------------------------+
; n              ; 5     ; Signed Integer                                ;
+----------------+-------+-----------------------------------------------+
Note: In order to hide this table in the UI and the text report file, please set the "Show Parameter Settings in Synthesis Report" option in "Analysis and Synthesis Settings -> More Settings" to "Off".


+-------------------------------------------------------------------------+
; Parameter Settings for User Entity Instance: datapath:PO|mux2_1:mux_alu ;
+----------------+-------+------------------------------------------------+
; Parameter Name ; Value ; Type                                           ;
+----------------+-------+------------------------------------------------+
; n              ; 32    ; Signed Integer                                 ;
+----------------+-------+------------------------------------------------+
Note: In order to hide this table in the UI and the text report file, please set the "Show Parameter Settings in Synthesis Report" option in "Analysis and Synthesis Settings -> More Settings" to "Off".


+------------------------------------------------------------------------+
; Parameter Settings for User Entity Instance: datapath:PO|mux2_1:mux_wb ;
+----------------+-------+-----------------------------------------------+
; Parameter Name ; Value ; Type                                          ;
+----------------+-------+-----------------------------------------------+
; n              ; 32    ; Signed Integer                                ;
+----------------+-------+-----------------------------------------------+
Note: In order to hide this table in the UI and the text report file, please set the "Show Parameter Settings in Synthesis Report" option in "Analysis and Synthesis Settings -> More Settings" to "Off".


+------------------------------------------------------------------+
; Port Connectivity Checks: "datapath:PO|instructions_memory:imem" ;
+---------------+-------+----------+-------------------------------+
; Port          ; Type  ; Severity ; Details                       ;
+---------------+-------+----------+-------------------------------+
; write_enable  ; Input ; Info     ; Stuck at GND                  ;
; write_address ; Input ; Info     ; Stuck at GND                  ;
; data_in       ; Input ; Info     ; Stuck at GND                  ;
+---------------+-------+----------+-------------------------------+


+-------------------------------+
; Elapsed Time Per Partition    ;
+----------------+--------------+
; Partition Name ; Elapsed Time ;
+----------------+--------------+
; Top            ; 00:02:28     ;
+----------------+--------------+


+-------------------------------+
; Analysis & Synthesis Messages ;
+-------------------------------+
Info: *******************************************************************
Info: Running Quartus II 64-Bit Analysis & Synthesis
    Info: Version 13.0.1 Build 232 06/12/2013 Service Pack 1 SJ Web Edition
    Info: Processing started: Sat Feb 07 18:12:31 2026
Info: Command: quartus_map --read_settings_files=on --write_settings_files=off mips -c mips
Warning (20028): Parallel compilation is not licensed and has been disabled
Info (12021): Found 2 design units, including 1 entities, in source file mux16_1.vhd
    Info (12022): Found design unit 1: mux16_1-arc
    Info (12023): Found entity 1: mux16_1
Info (12021): Found 2 design units, including 1 entities, in source file mux2_1.vhd
    Info (12022): Found design unit 1: mux2_1-behavioral
    Info (12023): Found entity 1: mux2_1
Info (12021): Found 2 design units, including 1 entities, in source file arithmetic_logic_unit.vhd
    Info (12022): Found design unit 1: arithmetic_logic_unit-behavioral
    Info (12023): Found entity 1: arithmetic_logic_unit
Info (12021): Found 2 design units, including 1 entities, in source file register_file.vhd
    Info (12022): Found design unit 1: register_file-behavioral
    Info (12023): Found entity 1: register_file
Info (12021): Found 2 design units, including 1 entities, in source file regis.vhd
    Info (12022): Found design unit 1: regis-behavioral
    Info (12023): Found entity 1: regis
Info (12021): Found 2 design units, including 1 entities, in source file decoder.vhd
    Info (12022): Found design unit 1: decoder-arc
    Info (12023): Found entity 1: decoder
Info (12021): Found 2 design units, including 1 entities, in source file memory.vhd
    Info (12022): Found design unit 1: memory-SYN
    Info (12023): Found entity 1: memory
Info (12021): Found 2 design units, including 1 entities, in source file instructions_memory.vhd
    Info (12022): Found design unit 1: instructions_memory-arc
    Info (12023): Found entity 1: instructions_memory
Info (12021): Found 2 design units, including 1 entities, in source file data_memory.vhd
    Info (12022): Found design unit 1: data_memory-arc
    Info (12023): Found entity 1: data_memory
Info (12021): Found 2 design units, including 1 entities, in source file mips.vhd
    Info (12022): Found design unit 1: mips-structural
    Info (12023): Found entity 1: mips
Info (12021): Found 2 design units, including 1 entities, in source file memory2.vhd
    Info (12022): Found design unit 1: memory2-SYN
    Info (12023): Found entity 1: memory2
Info (12021): Found 2 design units, including 1 entities, in source file datapath.vhd
    Info (12022): Found design unit 1: datapath-arc
    Info (12023): Found entity 1: datapath
Info (12021): Found 2 design units, including 1 entities, in source file control_unit.vhd
    Info (12022): Found design unit 1: control_unit-beh
    Info (12023): Found entity 1: control_unit
Info (12021): Found 2 design units, including 1 entities, in source file decoder5_32.vhd
    Info (12022): Found design unit 1: decoder5_32-rtl
    Info (12023): Found entity 1: decoder5_32
Info (12021): Found 2 design units, including 1 entities, in source file mux32_1.vhd
    Info (12022): Found design unit 1: mux32_1-rtl
    Info (12023): Found entity 1: mux32_1
Info (12127): Elaborating entity "mips" for the top level hierarchy
Info (12128): Elaborating entity "datapath" for hierarchy "datapath:PO"
Info (12128): Elaborating entity "instructions_memory" for hierarchy "datapath:PO|instructions_memory:imem"
Info (12128): Elaborating entity "mux2_1" for hierarchy "datapath:PO|mux2_1:mux_rd"
Info (12128): Elaborating entity "register_file" for hierarchy "datapath:PO|register_file:regs"
Info (12128): Elaborating entity "mux2_1" for hierarchy "datapath:PO|mux2_1:mux_alu"
Info (12128): Elaborating entity "arithmetic_logic_unit" for hierarchy "datapath:PO|arithmetic_logic_unit:alu"
Info (12128): Elaborating entity "data_memory" for hierarchy "datapath:PO|data_memory:dmem"
Info (12128): Elaborating entity "control_unit" for hierarchy "control_unit:PCU"
Warning (13024): Output pins are stuck at VCC or GND
    Warning (13410): Pin "instr_debug[4]" is stuck at GND
    Warning (13410): Pin "instr_debug[6]" is stuck at GND
    Warning (13410): Pin "instr_debug[7]" is stuck at GND
    Warning (13410): Pin "instr_debug[8]" is stuck at GND
    Warning (13410): Pin "instr_debug[9]" is stuck at GND
    Warning (13410): Pin "instr_debug[10]" is stuck at GND
    Warning (13410): Pin "instr_debug[15]" is stuck at GND
    Warning (13410): Pin "instr_debug[20]" is stuck at GND
    Warning (13410): Pin "instr_debug[23]" is stuck at GND
    Warning (13410): Pin "instr_debug[25]" is stuck at GND
    Warning (13410): Pin "instr_debug[30]" is stuck at GND
Info (17049): 512 registers lost all their fanouts during netlist optimizations.
Info (16010): Generating hard_block partition "hard_block:auto_generated_inst"
    Info (16011): Adding 0 node(s), including 0 DDIO, 0 PLL, 0 transceiver and 0 LCELL
Info (21057): Implemented 57471 device resources after synthesis - the final resource count might be different
    Info (21058): Implemented 2 input pins
    Info (21059): Implemented 416 output pins
    Info (21061): Implemented 57053 logic cells
Info: Quartus II 64-Bit Analysis & Synthesis was successful. 0 errors, 13 warnings
    Info: Peak virtual memory: 4746 megabytes
    Info: Processing ended: Sat Feb 07 18:15:07 2026
    Info: Elapsed time: 00:02:36
    Info: Total CPU time (on all processors): 00:02:36


